  BellNet.cpp
C:\Programming\General-DL-net-AI\BellNet.h(4,8): error C2143: syntax error: missing ';' before '<'
C:\Programming\General-DL-net-AI\BellNet.h(4,8): error C4430: missing type specifier - int assumed. Note: C++ does not support default-int
C:\Programming\General-DL-net-AI\BellNet.h(4,43): error C2238: unexpected token(s) preceding ';'
C:\Programming\General-DL-net-AI\BellNet.h(18,27): error C2065: 'cords': undeclared identifier
C:\Programming\General-DL-net-AI\BellNet.h(20,26): error C2065: 'cords': undeclared identifier
C:\Programming\General-DL-net-AI\BellNet.h(22,9): error C2065: 'cords': undeclared identifier
C:\Programming\General-DL-net-AI\BellNet.h(32,12): error C2065: 'cords': undeclared identifier
C:\Programming\General-DL-net-AI\BellNet.h(33,12): error C2065: 'cords': undeclared identifier
C:\Programming\General-DL-net-AI\BellNet.h(34,12): error C2065: 'cords': undeclared identifier
C:\Programming\General-DL-net-AI\BellNet.h(35,12): error C2065: 'cords': undeclared identifier
C:\Programming\General-DL-net-AI\BellNet.h(36,12): error C2065: 'cords': undeclared identifier
C:\Programming\General-DL-net-AI\BellNet.h(37,12): error C2065: 'cords': undeclared identifier
C:\Programming\General-DL-net-AI\BellNet.h(38,12): error C2065: 'cords': undeclared identifier
C:\Programming\General-DL-net-AI\BellNet.h(39,12): error C2065: 'cords': undeclared identifier
C:\Programming\General-DL-net-AI\BellNet.h(45,4): error C2065: 'h': undeclared identifier
C:\Programming\General-DL-net-AI\BellNet.h(46,4): error C2065: 'k': undeclared identifier
C:\Programming\General-DL-net-AI\BellNet.h(51,4): error C2065: 'k': undeclared identifier
C:\Programming\General-DL-net-AI\BellNet.h(55,4): error C2065: 'k': undeclared identifier
  ConnectionNet.cpp
  ConsoleApplication6.cpp
C:\Programming\General-DL-net-AI\BellNet.h(45,4): error C2065: 'h': undeclared identifier
C:\Programming\General-DL-net-AI\BellNet.h(46,4): error C2065: 'k': undeclared identifier
C:\Programming\General-DL-net-AI\BellNet.h(51,4): error C2065: 'k': undeclared identifier
C:\Programming\General-DL-net-AI\BellNet.h(55,4): error C2065: 'k': undeclared identifier
  Generating Code...
